#
# A fatal error has been detected by the Java Runtime Environment:
#
#  SIGSEGV (0xb) at pc=0x0000000124490e43, pid=9637, tid=48131
#
# JRE version: Java(TM) SE Runtime Environment (8.0_91-b14) (build 1.8.0_91-b14)
# Java VM: Java HotSpot(TM) 64-Bit Server VM (25.91-b14 mixed mode bsd-amd64 compressed oops)
# Problematic frame:
# C  [libawt_lwawt.dylib+0x1ae43]  OGLSD_SetScratchSurface+0x49
#
# Failed to write core dump. Core dumps have been disabled. To enable core dumping, try "ulimit -c unlimited" before starting Java again
#
# If you would like to submit a bug report, please visit:
#   http://bugreport.java.com/bugreport/crash.jsp
# The crash happened outside the Java Virtual Machine in native code.
# See problematic frame for where to report the bug.
#

---------------  T H R E A D  ---------------

Current thread (0x00007fe2b2a0d000):  JavaThread "Java2D Queue Flusher" daemon [_thread_in_native, id=48131, stack(0x0000700008b99000,0x0000700008c99000)]

siginfo: si_signo: 11 (SIGSEGV), si_code: 1 (SEGV_MAPERR), si_addr: 0x0000000000000002

Registers:
RAX=0x00000000ffffffff, RBX=0x0000000000000002, RCX=0x0000000000000047, RDX=0x00000001244b18ec
RSP=0x0000700008c98730, RBP=0x0000700008c98750, RSI=0x00007fe2b25d3dd0, RDI=0x00007fe2b2a0d1f8
R8 =0x0000000000000688, R9 =0xffffffff00000000, R10=0x000000010e1167f8, R11=0x000000010e109600
R12=0x0000000000000000, R13=0x0000700008c988e8, R14=0x00007fe2b2a0d1f8, R15=0x00007fe2b2a0d000
RIP=0x0000000124490e43, EFLAGS=0x0000000000010202, ERR=0x0000000000000004
  TRAPNO=0x000000000000000e

Top of Stack: (sp=0x0000700008c98730)
0x0000700008c98730:   00007fe2b25d3dd0 0000000000000000
0x0000700008c98740:   00007fe2b2a99c10 00007fe2b2a0d000
0x0000700008c98750:   0000700008c987d0 00000001244b13ca
0x0000700008c98760:   00007fe2b2589a00 0000000200000001
0x0000700008c98770:   0000000000000000 0000700008c98800
0x0000700008c98780:   0000000000000000 0000000000000000
0x0000700008c98790:   0000700008c987d0 00007fe2b2a99c20
0x0000700008c987a0:   000000000051fb20 00007fe2b2a0d1f8
0x0000700008c987b0:   000000015aa46e48 0000000000000000
0x0000700008c987c0:   0000700008c98968 00007fe2b2a0d000
0x0000700008c987d0:   0000700008c98820 000000010e11686a
0x0000700008c987e0:   00000007407cea70 000000010d0bcc00
0x0000700008c987f0:   0000000000000064 0000000000000000
0x0000700008c98800:   0000000000000064 00007fe2b2589728
0x0000700008c98810:   0000700008c98870 000000010ced9c60
0x0000700008c98820:   0000700008c98940 000000010e109bfc
0x0000700008c98830:   0000000000000001 00007fe2b2589bb0
0x0000700008c98840:   00000007407ceb00 00007fe2b2a0d000
0x0000700008c98850:   00007fe2b2a0d000 0000000120f20a00
0x0000700008c98860:   0000700008c98968 00007fe2b2a0d000
0x0000700008c98870:   0000700008c988c0 000000010df7dbe8
0x0000700008c98880:   00000007407cea70 000000010df88f26
0x0000700008c98890:   0000700008c98940 000000010e10965c
0x0000700008c988a0:   00000001572ceaf4 0000700008c988e8
0x0000700008c988b0:   00000001572ceb70 0000000000000000
0x0000700008c988c0:   0000700008c98940 000000010db282bd
0x0000700008c988d0:   0000700008c98940 000000010db282bd
0x0000700008c988e0:   000000010db282bd 00000007407cea70
0x0000700008c988f0:   0000000000000001 00000007407ceb48
0x0000700008c98900:   0000700008c988f0 000000012151fa19
0x0000700008c98910:   0000700008c98968 00000001215202a0
0x0000700008c98920:   0000000000000000 000000012151fb20 

Instructions: (pc=0x0000000124490e43)
0x0000000124490e23:   c0 e9 82 00 00 00 48 8b 5e 10 48 85 db 75 0e bf
0x0000000124490e33:   01 00 00 00 48 8d 15 fd 75 03 00 eb d6 49 89 fe
0x0000000124490e43:   4c 8b 3b 30 c0 e8 c5 a2 02 00 49 8b 3f 49 89 c4
0x0000000124490e53:   48 8b 35 ae f7 05 00 30 c0 e8 cb a3 02 00 48 85 

Register to memory mapping:

RAX=0x00000000ffffffff is an unknown value
RBX=0x0000000000000002 is an unknown value
RCX=0x0000000000000047 is an unknown value
RDX=0x00000001244b18ec: Java_sun_java2d_opengl_OGLRenderQueue_flushBuffer+0xb5c in /Library/Java/JavaVirtualMachines/jdk1.8.0_91.jdk/Contents/Home/jre/lib/libawt_lwawt.dylib at 0x0000000124476000
RSP=0x0000700008c98730 is pointing into the stack for thread: 0x00007fe2b2a0d000
RBP=0x0000700008c98750 is pointing into the stack for thread: 0x00007fe2b2a0d000
RSI=0x00007fe2b25d3dd0 is an unknown value
RDI=0x00007fe2b2a0d1f8 is an unknown value
R8 =0x0000000000000688 is an unknown value
R9 =0xffffffff00000000 is an unknown value
R10=0x000000010e1167f8 is at entry_point+56 in (nmethod*)0x000000010e116650
R11=0x000000010e109600 is at entry_point+0 in (nmethod*)0x000000010e109490
R12=0x0000000000000000 is an unknown value
R13=0x0000700008c988e8 is pointing into the stack for thread: 0x00007fe2b2a0d000
R14=0x00007fe2b2a0d1f8 is an unknown value
R15=0x00007fe2b2a0d000 is a thread


Stack: [0x0000700008b99000,0x0000700008c99000],  sp=0x0000700008c98730,  free space=1021k
Native frames: (J=compiled Java code, j=interpreted, Vv=VM code, C=native code)
C  [libawt_lwawt.dylib+0x1ae43]  OGLSD_SetScratchSurface+0x49
C  [libawt_lwawt.dylib+0x3b3ca]  Java_sun_java2d_opengl_OGLRenderQueue_flushBuffer+0x63a
J 1898  sun.java2d.opengl.OGLRenderQueue.flushBuffer(JI)V (0 bytes) @ 0x000000010e11686a [0x000000010e1167c0+0xaa]
J 1879 C1 sun.java2d.opengl.OGLRenderQueue.flushBuffer()V (41 bytes) @ 0x000000010e109bfc [0x000000010e1099a0+0x25c]
J 1878 C1 sun.java2d.opengl.OGLRenderQueue.access$100(Lsun/java2d/opengl/OGLRenderQueue;)V (5 bytes) @ 0x000000010e10965c [0x000000010e109600+0x5c]
j  sun.java2d.opengl.OGLRenderQueue$QueueFlusher.run()V+81
v  ~StubRoutines::call_stub
V  [libjvm.dylib+0x2ec1e6]
V  [libjvm.dylib+0x2ec974]
V  [libjvm.dylib+0x2ecb20]
V  [libjvm.dylib+0x34726d]
V  [libjvm.dylib+0x563d17]
V  [libjvm.dylib+0x565412]
V  [libjvm.dylib+0x484f82]
C  [libsystem_pthread.dylib+0x36c1]  _pthread_body+0x154
C  [libsystem_pthread.dylib+0x356d]  _pthread_body+0x0
C  [libsystem_pthread.dylib+0x2c5d]  thread_start+0xd
C  0x0000000000000000

Java frames: (J=compiled Java code, j=interpreted, Vv=VM code)
J 1898  sun.java2d.opengl.OGLRenderQueue.flushBuffer(JI)V (0 bytes) @ 0x000000010e1167f8 [0x000000010e1167c0+0x38]
J 1879 C1 sun.java2d.opengl.OGLRenderQueue.flushBuffer()V (41 bytes) @ 0x000000010e109bfc [0x000000010e1099a0+0x25c]
J 1878 C1 sun.java2d.opengl.OGLRenderQueue.access$100(Lsun/java2d/opengl/OGLRenderQueue;)V (5 bytes) @ 0x000000010e10965c [0x000000010e109600+0x5c]
j  sun.java2d.opengl.OGLRenderQueue$QueueFlusher.run()V+81
v  ~StubRoutines::call_stub

---------------  P R O C E S S  ---------------

Java Threads: ( => current thread )
  0x00007fe2b2b79000 JavaThread "pool-9-thread-5" [_thread_blocked, id=97027, stack(0x000070000b31a000,0x000070000b41a000)]
  0x00007fe2b2fa7000 JavaThread "pool-9-thread-4" [_thread_blocked, id=96523, stack(0x000070000b217000,0x000070000b317000)]
  0x00007fe2b3c53000 JavaThread "pool-9-thread-3" [_thread_blocked, id=78227, stack(0x000070000b114000,0x000070000b214000)]
  0x00007fe2b312b000 JavaThread "pool-9-thread-2" [_thread_blocked, id=80107, stack(0x0000700009ed8000,0x0000700009fd8000)]
  0x00007fe2b2f81000 JavaThread "pool-9-thread-1" [_thread_blocked, id=83743, stack(0x0000700009dd5000,0x0000700009ed5000)]
  0x00007fe2b320d000 JavaThread "pool-8-thread-5" [_thread_blocked, id=96003, stack(0x000070000b011000,0x000070000b111000)]
  0x00007fe2b2eee000 JavaThread "pool-8-thread-4" [_thread_blocked, id=95551, stack(0x000070000af0e000,0x000070000b00e000)]
  0x00007fe2b2efd800 JavaThread "pool-8-thread-3" [_thread_blocked, id=95159, stack(0x000070000ae0b000,0x000070000af0b000)]
  0x00007fe2b8b54000 JavaThread "pool-8-thread-2" [_thread_blocked, id=94467, stack(0x000070000ad08000,0x000070000ae08000)]
  0x00007fe2b2b57000 JavaThread "pool-8-thread-1" [_thread_blocked, id=93955, stack(0x000070000ac05000,0x000070000ad05000)]
  0x00007fe2b3129000 JavaThread "pool-7-thread-5" [_thread_blocked, id=91143, stack(0x000070000ab02000,0x000070000ac02000)]
  0x00007fe2b3069800 JavaThread "pool-7-thread-4" [_thread_blocked, id=90847, stack(0x000070000a9ff000,0x000070000aaff000)]
  0x00007fe2b3a75800 JavaThread "pool-7-thread-3" [_thread_blocked, id=85039, stack(0x000070000a8fc000,0x000070000a9fc000)]
  0x00007fe2b2e23000 JavaThread "pool-7-thread-2" [_thread_blocked, id=36443, stack(0x000070000a7f9000,0x000070000a8f9000)]
  0x00007fe2b3068800 JavaThread "pool-7-thread-1" [_thread_blocked, id=83987, stack(0x000070000a6f6000,0x000070000a7f6000)]
  0x00007fe2b3a61000 JavaThread "pool-6-thread-4" [_thread_blocked, id=83335, stack(0x000070000a5f3000,0x000070000a6f3000)]
  0x00007fe2b2e9a800 JavaThread "pool-6-thread-3" [_thread_blocked, id=88055, stack(0x000070000a4f0000,0x000070000a5f0000)]
  0x00007fe2b4156800 JavaThread "pool-6-thread-2" [_thread_blocked, id=87715, stack(0x000070000a3ed000,0x000070000a4ed000)]
  0x00007fe2b3c61800 JavaThread "pool-6-thread-1" [_thread_blocked, id=80727, stack(0x000070000a2ea000,0x000070000a3ea000)]
  0x00007fe2b3187000 JavaThread "pool-5-thread-3" [_thread_blocked, id=86531, stack(0x000070000a1e7000,0x000070000a2e7000)]
  0x00007fe2b2a6b000 JavaThread "pool-5-thread-2" [_thread_blocked, id=85515, stack(0x000070000a0e4000,0x000070000a1e4000)]
  0x00007fe2b30b8000 JavaThread "pool-5-thread-1" [_thread_blocked, id=85783, stack(0x0000700009fe1000,0x000070000a0e1000)]
  0x00007fe2b3d06000 JavaThread "pool-4-thread-4" [_thread_blocked, id=73735, stack(0x0000700009c4f000,0x0000700009d4f000)]
  0x00007fe2b29f9000 JavaThread "pool-4-thread-3" [_thread_blocked, id=81927, stack(0x0000700009b4c000,0x0000700009c4c000)]
  0x00007fe2b304a000 JavaThread "pool-4-thread-2" [_thread_blocked, id=81679, stack(0x0000700009a49000,0x0000700009b49000)]
  0x00007fe2b38a9800 JavaThread "pool-4-thread-1" [_thread_blocked, id=78871, stack(0x0000700009946000,0x0000700009a46000)]
  0x00007fe2b414b000 JavaThread "pool-3-thread-4" [_thread_blocked, id=69335, stack(0x00007000097c0000,0x00007000098c0000)]
  0x00007fe2b2f9a800 JavaThread "pool-3-thread-3" [_thread_blocked, id=76555, stack(0x00007000096bd000,0x00007000097bd000)]
  0x00007fe2b2edc000 JavaThread "pool-3-thread-2" [_thread_blocked, id=77051, stack(0x00007000095ba000,0x00007000096ba000)]
  0x00007fe2b304b000 JavaThread "pool-3-thread-1" [_thread_blocked, id=75923, stack(0x00007000094b7000,0x00007000095b7000)]
  0x00007fe2b3929800 JavaThread "pool-2-thread-3" [_thread_blocked, id=71943, stack(0x0000700009331000,0x0000700009431000)]
  0x00007fe2b31a6000 JavaThread "pool-2-thread-2" [_thread_blocked, id=71431, stack(0x000070000922e000,0x000070000932e000)]
  0x00007fe2b2f0f000 JavaThread "pool-2-thread-1" [_thread_blocked, id=70171, stack(0x000070000912b000,0x000070000922b000)]
  0x00007fe2b2f0e800 JavaThread "pool-1-thread-1" [_thread_blocked, id=69671, stack(0x0000700009028000,0x0000700009128000)]
  0x00007fe2b29f1000 JavaThread "Thread-1" [_thread_blocked, id=67603, stack(0x0000700008f25000,0x0000700009025000)]
  0x00007fe2b3a1b000 JavaThread "TimerQueue" daemon [_thread_blocked, id=64507, stack(0x0000700008d9f000,0x0000700008e9f000)]
  0x00007fe2b31a0000 JavaThread "Java2D Disposer" daemon [_thread_blocked, id=40575, stack(0x0000700008c9c000,0x0000700008d9c000)]
=>0x00007fe2b2a0d000 JavaThread "Java2D Queue Flusher" daemon [_thread_in_native, id=48131, stack(0x0000700008b99000,0x0000700008c99000)]
  0x00007fe2b3804800 JavaThread "DestroyJavaVM" [_thread_blocked, id=6915, stack(0x0000700007a63000,0x0000700007b63000)]
  0x00007fe2b4114800 JavaThread "AWT-EventQueue-0" [_thread_blocked, id=44819, stack(0x0000700008a96000,0x0000700008b96000)]
  0x00007fe2b311f800 JavaThread "AWT-Shutdown" [_thread_blocked, id=30759, stack(0x0000700008910000,0x0000700008a10000)]
  0x00007fe2b3148000 JavaThread "AppKit Thread" daemon [_thread_in_native, id=775, stack(0x00007ffee3e76000,0x00007ffee4676000)]
  0x00007fe2b3043000 JavaThread "Service Thread" daemon [_thread_blocked, id=18435, stack(0x0000700008687000,0x0000700008787000)]
  0x00007fe2b282f800 JavaThread "C1 CompilerThread2" daemon [_thread_blocked, id=17923, stack(0x0000700008584000,0x0000700008684000)]
  0x00007fe2b282f000 JavaThread "C2 CompilerThread1" daemon [_thread_blocked, id=17411, stack(0x0000700008481000,0x0000700008581000)]
  0x00007fe2b282c000 JavaThread "C2 CompilerThread0" daemon [_thread_blocked, id=16899, stack(0x000070000837e000,0x000070000847e000)]
  0x00007fe2b282b000 JavaThread "Signal Dispatcher" daemon [_thread_blocked, id=16139, stack(0x000070000827b000,0x000070000837b000)]
  0x00007fe2b400f800 JavaThread "Finalizer" daemon [_thread_blocked, id=13059, stack(0x0000700008178000,0x0000700008278000)]
  0x00007fe2b300a000 JavaThread "Reference Handler" daemon [_thread_blocked, id=12547, stack(0x0000700008075000,0x0000700008175000)]

Other Threads:
  0x00007fe2b400f000 VMThread [stack: 0x0000700007f72000,0x0000700008072000] [id=12035]
  0x00007fe2b2863000 WatcherThread [stack: 0x000070000878a000,0x000070000888a000] [id=18947]

VM state:not at safepoint (normal execution)

VM Mutex/Monitor currently owned by a thread: None

Heap:
 PSYoungGen      total 38400K, used 1351K [0x0000000795580000, 0x0000000798000000, 0x00000007c0000000)
  eden space 33280K, 4% used [0x0000000795580000,0x00000007956d1f98,0x0000000797600000)
  from space 5120K, 0% used [0x0000000797b00000,0x0000000797b00000,0x0000000798000000)
  to   space 5120K, 0% used [0x0000000797600000,0x0000000797600000,0x0000000797b00000)
 ParOldGen       total 53760K, used 12541K [0x0000000740000000, 0x0000000743480000, 0x0000000795580000)
  object space 53760K, 23% used [0x0000000740000000,0x0000000740c3f518,0x0000000743480000)
 Metaspace       used 20906K, capacity 21174K, committed 21376K, reserved 1067008K
  class space    used 2840K, capacity 2909K, committed 2944K, reserved 1048576K

Card table byte_map: [0x000000010c235000,0x000000010c636000] byte_map_base: 0x0000000108835000

Marking Bits: (ParMarkBitMap*) 0x000000010d472eb0
 Begin Bits: [0x000000011cb20000, 0x000000011eb20000)
 End Bits:   [0x000000011eb20000, 0x0000000120b20000)

Polling page: 0x000000010b5d1000

CodeCache: size=245760Kb used=10455Kb max_used=10455Kb free=235304Kb
 bounds [0x000000010db20000, 0x000000010e580000, 0x000000011cb20000]
 total_blobs=3706 nmethods=3112 adapters=505
 compilation: enabled

Compilation events (10 events):
Event: 1554.782 Thread 0x00007fe2b282f800 3487       3       org.graphstream.ui.j2dviewer.renderer.GraphBackgroundRenderer::fillBackground (38 bytes)
Event: 1554.783 Thread 0x00007fe2b282c000 3494       4       scala.collection.mutable.ArrayOps$ofRef::length (11 bytes)
Event: 1554.783 Thread 0x00007fe2b282c000 nmethod 3494 0x000000010e01b950 code [0x000000010e01baa0, 0x000000010e01bb18]
Event: 1554.784 Thread 0x00007fe2b282f800 nmethod 3487 0x000000010e01bbd0 code [0x000000010e01be00, 0x000000010e01c948]
Event: 1554.784 Thread 0x00007fe2b282f800 3493       1       scala.collection.mutable.ArrayLike$class::$init$ (1 bytes)
Event: 1554.784 Thread 0x00007fe2b282f800 nmethod 3493 0x000000010e3d38d0 code [0x000000010e3d3a20, 0x000000010e3d3b10]
Event: 1554.784 Thread 0x00007fe2b282f800 3491       3       org.graphstream.ui.j2dviewer.BackendJ2D::popTransform (47 bytes)
Event: 1554.785 Thread 0x00007fe2b282f800 nmethod 3491 0x000000010df48610 code [0x000000010df48800, 0x000000010df49028]
Event: 1554.786 Thread 0x00007fe2b282f800 3495  s    3       java.util.Hashtable::remove (133 bytes)
Event: 1554.788 Thread 0x00007fe2b282f800 nmethod 3495 0x000000010df3e3d0 code [0x000000010df3e580, 0x000000010df3edd8]

GC Heap History (10 events):
Event: 4.401 GC heap before
{Heap before GC invocations=1 (full 0):
 PSYoungGen      total 38400K, used 33280K [0x0000000795580000, 0x0000000798000000, 0x00000007c0000000)
  eden space 33280K, 100% used [0x0000000795580000,0x0000000797600000,0x0000000797600000)
  from space 5120K, 0% used [0x0000000797b00000,0x0000000797b00000,0x0000000798000000)
  to   space 5120K, 0% used [0x0000000797600000,0x0000000797600000,0x0000000797b00000)
 ParOldGen       total 87552K, used 0K [0x0000000740000000, 0x0000000745580000, 0x0000000795580000)
  object space 87552K, 0% used [0x0000000740000000,0x0000000740000000,0x0000000745580000)
 Metaspace       used 17565K, capacity 17714K, committed 18048K, reserved 1064960K
  class space    used 2519K, capacity 2575K, committed 2688K, reserved 1048576K
Event: 4.412 GC heap after
Heap after GC invocations=1 (full 0):
 PSYoungGen      total 38400K, used 5101K [0x0000000795580000, 0x0000000798000000, 0x00000007c0000000)
  eden space 33280K, 0% used [0x0000000795580000,0x0000000795580000,0x0000000797600000)
  from space 5120K, 99% used [0x0000000797600000,0x0000000797afb568,0x0000000797b00000)
  to   space 5120K, 0% used [0x0000000797b00000,0x0000000797b00000,0x0000000798000000)
 ParOldGen       total 87552K, used 1839K [0x0000000740000000, 0x0000000745580000, 0x0000000795580000)
  object space 87552K, 2% used [0x0000000740000000,0x00000007401cbf90,0x0000000745580000)
 Metaspace       used 17565K, capacity 17714K, committed 18048K, reserved 1064960K
  class space    used 2519K, capacity 2575K, committed 2688K, reserved 1048576K
}
Event: 117.616 GC heap before
{Heap before GC invocations=2 (full 0):
 PSYoungGen      total 38400K, used 38381K [0x0000000795580000, 0x0000000798000000, 0x00000007c0000000)
  eden space 33280K, 100% used [0x0000000795580000,0x0000000797600000,0x0000000797600000)
  from space 5120K, 99% used [0x0000000797600000,0x0000000797afb568,0x0000000797b00000)
  to   space 5120K, 0% used [0x0000000797b00000,0x0000000797b00000,0x0000000798000000)
 ParOldGen       total 87552K, used 1839K [0x0000000740000000, 0x0000000745580000, 0x0000000795580000)
  object space 87552K, 2% used [0x0000000740000000,0x00000007401cbf90,0x0000000745580000)
 Metaspace       used 20299K, capacity 20502K, committed 20864K, reserved 1067008K
  class space    used 2801K, capacity 2877K, committed 2944K, reserved 1048576K
Event: 117.631 GC heap after
Heap after GC invocations=2 (full 0):
 PSYoungGen      total 38400K, used 5109K [0x0000000795580000, 0x0000000798000000, 0x00000007c0000000)
  eden space 33280K, 0% used [0x0000000795580000,0x0000000795580000,0x0000000797600000)
  from space 5120K, 99% used [0x0000000797b00000,0x0000000797ffd590,0x0000000798000000)
  to   space 5120K, 0% used [0x0000000797600000,0x0000000797600000,0x0000000797b00000)
 ParOldGen       total 87552K, used 9233K [0x0000000740000000, 0x0000000745580000, 0x0000000795580000)
  object space 87552K, 10% used [0x0000000740000000,0x00000007409047d0,0x0000000745580000)
 Metaspace       used 20299K, capacity 20502K, committed 20864K, reserved 1067008K
  class space    used 2801K, capacity 2877K, committed 2944K, reserved 1048576K
}
Event: 590.508 GC heap before
{Heap before GC invocations=3 (full 0):
 PSYoungGen      total 38400K, used 38389K [0x0000000795580000, 0x0000000798000000, 0x00000007c0000000)
  eden space 33280K, 100% used [0x0000000795580000,0x0000000797600000,0x0000000797600000)
  from space 5120K, 99% used [0x0000000797b00000,0x0000000797ffd590,0x0000000798000000)
  to   space 5120K, 0% used [0x0000000797600000,0x0000000797600000,0x0000000797b00000)
 ParOldGen       total 87552K, used 9233K [0x0000000740000000, 0x0000000745580000, 0x0000000795580000)
  object space 87552K, 10% used [0x0000000740000000,0x00000007409047d0,0x0000000745580000)
 Metaspace       used 20724K, capacity 20982K, committed 21296K, reserved 1067008K
  class space    used 2839K, capacity 2909K, committed 2944K, reserved 1048576K
Event: 590.541 GC heap after
Heap after GC invocations=3 (full 0):
 PSYoungGen      total 38400K, used 5110K [0x0000000795580000, 0x0000000798000000, 0x00000007c0000000)
  eden space 33280K, 0% used [0x0000000795580000,0x0000000795580000,0x0000000797600000)
  from space 5120K, 99% used [0x0000000797600000,0x0000000797afda40,0x0000000797b00000)
  to   space 5120K, 0% used [0x0000000797b00000,0x0000000797b00000,0x0000000798000000)
 ParOldGen       total 87552K, used 12851K [0x0000000740000000, 0x0000000745580000, 0x0000000795580000)
  object space 87552K, 14% used [0x0000000740000000,0x0000000740c8ccb8,0x0000000745580000)
 Metaspace       used 20724K, capacity 20982K, committed 21296K, reserved 1067008K
  class space    used 2839K, capacity 2909K, committed 2944K, reserved 1048576K
}
Event: 1554.686 GC heap before
{Heap before GC invocations=4 (full 0):
 PSYoungGen      total 38400K, used 32869K [0x0000000795580000, 0x0000000798000000, 0x00000007c0000000)
  eden space 33280K, 83% used [0x0000000795580000,0x000000079709ba78,0x0000000797600000)
  from space 5120K, 99% used [0x0000000797600000,0x0000000797afda40,0x0000000797b00000)
  to   space 5120K, 0% used [0x0000000797b00000,0x0000000797b00000,0x0000000798000000)
 ParOldGen       total 87552K, used 12851K [0x0000000740000000, 0x0000000745580000, 0x0000000795580000)
  object space 87552K, 14% used [0x0000000740000000,0x0000000740c8ccb8,0x0000000745580000)
 Metaspace       used 20903K, capacity 21110K, committed 21296K, reserved 1067008K
  class space    used 2840K, capacity 2909K, committed 2944K, reserved 1048576K
Event: 1554.701 GC heap after
Heap after GC invocations=4 (full 0):
 PSYoungGen      total 38400K, used 5117K [0x0000000795580000, 0x0000000798000000, 0x00000007c0000000)
  eden space 33280K, 0% used [0x0000000795580000,0x0000000795580000,0x0000000797600000)
  from space 5120K, 99% used [0x0000000797b00000,0x0000000797fff6f0,0x0000000798000000)
  to   space 5120K, 0% used [0x0000000797600000,0x0000000797600000,0x0000000797b00000)
 ParOldGen       total 87552K, used 14543K [0x0000000740000000, 0x0000000745580000, 0x0000000795580000)
  object space 87552K, 16% used [0x0000000740000000,0x0000000740e33c18,0x0000000745580000)
 Metaspace       used 20903K, capacity 21110K, committed 21296K, reserved 1067008K
  class space    used 2840K, capacity 2909K, committed 2944K, reserved 1048576K
}
Event: 1554.701 GC heap before
{Heap before GC invocations=5 (full 1):
 PSYoungGen      total 38400K, used 5117K [0x0000000795580000, 0x0000000798000000, 0x00000007c0000000)
  eden space 33280K, 0% used [0x0000000795580000,0x0000000795580000,0x0000000797600000)
  from space 5120K, 99% used [0x0000000797b00000,0x0000000797fff6f0,0x0000000798000000)
  to   space 5120K, 0% used [0x0000000797600000,0x0000000797600000,0x0000000797b00000)
 ParOldGen       total 87552K, used 14543K [0x0000000740000000, 0x0000000745580000, 0x0000000795580000)
  object space 87552K, 16% used [0x0000000740000000,0x0000000740e33c18,0x0000000745580000)
 Metaspace       used 20903K, capacity 21110K, committed 21296K, reserved 1067008K
  class space    used 2840K, capacity 2909K, committed 2944K, reserved 1048576K
Event: 1554.771 GC heap after
Heap after GC invocations=5 (full 1):
 PSYoungGen      total 38400K, used 0K [0x0000000795580000, 0x0000000798000000, 0x00000007c0000000)
  eden space 33280K, 0% used [0x0000000795580000,0x0000000795580000,0x0000000797600000)
  from space 5120K, 0% used [0x0000000797b00000,0x0000000797b00000,0x0000000798000000)
  to   space 5120K, 0% used [0x0000000797600000,0x0000000797600000,0x0000000797b00000)
 ParOldGen       total 53760K, used 12541K [0x0000000740000000, 0x0000000743480000, 0x0000000795580000)
  object space 53760K, 23% used [0x0000000740000000,0x0000000740c3f518,0x0000000743480000)
 Metaspace       used 20903K, capacity 21110K, committed 21296K, reserved 1067008K
  class space    used 2840K, capacity 2909K, committed 2944K, reserved 1048576K
}

Deoptimization events (10 events):
Event: 192.191 Thread 0x00007fe2b3148000 Uncommon trap: reason=unstable_if action=reinterpret pc=0x000000010e3986c8 method=sun.lwawt.LWWindowPeer.generateMouseEnterExitEventsForComponents(JIIIIIIIZLsun/lwawt/LWComponentPeer;)V @ 4
Event: 192.191 Thread 0x00007fe2b4114800 Uncommon trap: reason=unstable_if action=reinterpret pc=0x000000010e3580e8 method=javax.swing.SwingUtilities.computeIntersection(IIIILjava/awt/Rectangle;)Ljava/awt/Rectangle; @ 62
Event: 192.192 Thread 0x00007fe2b4114800 Uncommon trap: reason=bimorphic action=maybe_recompile pc=0x000000010e33f3e4 method=java.awt.Container.findComponentAt(IIZ)Ljava/awt/Component; @ 9
Event: 192.193 Thread 0x00007fe2b4114800 Uncommon trap: reason=bimorphic action=maybe_recompile pc=0x000000010e33f3e4 method=java.awt.Container.findComponentAt(IIZ)Ljava/awt/Component; @ 9
Event: 192.193 Thread 0x00007fe2b4114800 Uncommon trap: reason=bimorphic action=maybe_recompile pc=0x000000010e33cc08 method=java.awt.Container.findComponentAt(IIZ)Ljava/awt/Component; @ 9
Event: 192.240 Thread 0x00007fe2b4114800 Uncommon trap: reason=unstable_if action=reinterpret pc=0x000000010df32198 method=java.awt.Container$MouseEventTargetFilter.accept(Ljava/awt/Component;)Z @ 23
Event: 1495.342 Thread 0x00007fe2b4114800 Uncommon trap: reason=unstable_if action=reinterpret pc=0x000000010e475abc method=java.awt.Component.dispatchEventImpl(Ljava/awt/AWTEvent;)V @ 101
Event: 1495.343 Thread 0x00007fe2b4114800 Uncommon trap: reason=class_check action=maybe_recompile pc=0x000000010e26be88 method=java.awt.EventQueue.setCurrentEventAndMostRecentTimeImpl(Ljava/awt/AWTEvent;)V @ 53
Event: 1495.345 Thread 0x00007fe2b4114800 Uncommon trap: reason=unstable_if action=reinterpret pc=0x000000010e46692c method=java.awt.Component.processEvent(Ljava/awt/AWTEvent;)V @ 113
Event: 1541.086 Thread 0x00007fe2b4114800 Uncommon trap: reason=unstable_if action=reinterpret pc=0x000000010e454234 method=java.util.concurrent.locks.AbstractQueuedSynchronizer.isOnSyncQueue(Ljava/util/concurrent/locks/AbstractQueuedSynchronizer$Node;)Z @ 22

Internal exceptions (10 events):
Event: 0.250 Thread 0x00007fe2b3804800 Exception <a 'java/lang/ClassNotFoundException': org/apache/log4j/FileAppenderBeanInfo> (0x0000000795a0c160) thrown at [/Users/java_re/workspace/8-2-build-macosx-x86_64/jdk8u91/6644/hotspot/src/share/vm/classfile/systemDictionary.cpp, line 210]
Event: 0.251 Thread 0x00007fe2b3804800 Exception <a 'java/lang/ClassNotFoundException': org/apache/log4j/FileAppenderCustomizer> (0x0000000795a12d08) thrown at [/Users/java_re/workspace/8-2-build-macosx-x86_64/jdk8u91/6644/hotspot/src/share/vm/classfile/systemDictionary.cpp, line 210]
Event: 0.252 Thread 0x00007fe2b3804800 Exception <a 'java/lang/ClassNotFoundException': org/apache/log4j/RollingFileAppenderCustomizer> (0x0000000795a26f90) thrown at [/Users/java_re/workspace/8-2-build-macosx-x86_64/jdk8u91/6644/hotspot/src/share/vm/classfile/systemDictionary.cpp, line 210]
Event: 0.303 Thread 0x00007fe2b3804800 Exception <a 'java/lang/NoSuchFieldError': method resolution failed> (0x0000000795b0d088) thrown at [/Users/java_re/workspace/8-2-build-macosx-x86_64/jdk8u91/6644/hotspot/src/share/vm/prims/methodHandles.cpp, line 1146]
Event: 0.306 Thread 0x00007fe2b3804800 Exception <a 'java/lang/NoSuchFieldError': method resolution failed> (0x0000000795b1a778) thrown at [/Users/java_re/workspace/8-2-build-macosx-x86_64/jdk8u91/6644/hotspot/src/share/vm/prims/methodHandles.cpp, line 1146]
Event: 0.482 Thread 0x00007fe2b3804800 Exception <a 'java/io/FileNotFoundException'> (0x0000000795b95ad8) thrown at [/Users/java_re/workspace/8-2-build-macosx-x86_64/jdk8u91/6644/hotspot/src/share/vm/prims/jni.cpp, line 709]
Event: 0.482 Thread 0x00007fe2b3804800 Exception <a 'java/io/FileNotFoundException'> (0x0000000795b96628) thrown at [/Users/java_re/workspace/8-2-build-macosx-x86_64/jdk8u91/6644/hotspot/src/share/vm/prims/jni.cpp, line 709]
Event: 4.414 Thread 0x00007fe2b400f800 Exception <a 'java/lang/NullPointerException'> (0x0000000795708588) thrown at [/Users/java_re/workspace/8-2-build-macosx-x86_64/jdk8u91/6644/hotspot/src/share/vm/interpreter/linkResolver.cpp, line 1178]
Event: 4.419 Thread 0x00007fe2b400f800 Exception <a 'java/lang/NullPointerException'> (0x00000007957088b0) thrown at [/Users/java_re/workspace/8-2-build-macosx-x86_64/jdk8u91/6644/hotspot/src/share/vm/interpreter/linkResolver.cpp, line 1178]
Event: 118.195 Thread 0x00007fe2b2f0e800 Exception <a 'java/lang/InterruptedException': sleep interrupted> (0x00000007957262e8) thrown at [/Users/java_re/workspace/8-2-build-macosx-x86_64/jdk8u91/6644/hotspot/src/share/vm/prims/jvm.cpp, line 3215]

Events (10 events):
Event: 1552.363 Thread 0x00007fe2b282f000 flushing nmethod 0x000000010e0e23d0
Event: 1552.377 Thread 0x00007fe2b282c000 flushing nmethod 0x000000010e0ecd90
Event: 1552.377 Thread 0x00007fe2b282c000 flushing nmethod 0x000000010e0ed850
Event: 1552.511 Thread 0x00007fe2b282f800 flushing nmethod 0x000000010e266c10
Event: 1552.808 Thread 0x00007fe2b282f800 flushing nmethod 0x000000010e3ce110
Event: 1554.223 Thread 0x00007fe2b282f800 flushing nmethod 0x000000010deb5ed0
Event: 1554.686 Executing VM operation: CollectForMetadataAllocation
Event: 1554.771 Executing VM operation: CollectForMetadataAllocation done
Event: 1554.782 Executing VM operation: RevokeBias
Event: 1554.782 Executing VM operation: RevokeBias done


Dynamic libraries:
0x000000001ee99000 	/System/Library/Frameworks/Cocoa.framework/Versions/A/Cocoa
0x000000001ee99000 	/System/Library/Frameworks/Security.framework/Versions/A/Security
0x000000001ee99000 	/System/Library/Frameworks/ApplicationServices.framework/Versions/A/ApplicationServices
0x000000001ee99000 	/usr/lib/libz.1.dylib
0x000000001ee99000 	/usr/lib/libSystem.B.dylib
0x000000001ee99000 	/usr/lib/libobjc.A.dylib
0x000000001ee99000 	/System/Library/Frameworks/CoreFoundation.framework/Versions/A/CoreFoundation
0x000000001ee99000 	/System/Library/Frameworks/Foundation.framework/Versions/C/Foundation
0x000000001ee99000 	/System/Library/Frameworks/AppKit.framework/Versions/C/AppKit
0x000000001ee99000 	/System/Library/Frameworks/CoreData.framework/Versions/A/CoreData
0x000000001ee99000 	/System/Library/PrivateFrameworks/RemoteViewServices.framework/Versions/A/RemoteViewServices
0x000000001ee99000 	/System/Library/PrivateFrameworks/UIFoundation.framework/Versions/A/UIFoundation
0x000000001ee99000 	/System/Library/PrivateFrameworks/DFRFoundation.framework/Versions/A/DFRFoundation
0x000000001ee99000 	/System/Library/Frameworks/Metal.framework/Versions/A/Metal
0x000000001ee99000 	/System/Library/PrivateFrameworks/DesktopServicesPriv.framework/Versions/A/DesktopServicesPriv
0x000000001ee99000 	/usr/lib/libenergytrace.dylib
0x000000001ee99000 	/System/Library/PrivateFrameworks/SkyLight.framework/Versions/A/SkyLight
0x000000001ee99000 	/System/Library/Frameworks/CoreGraphics.framework/Versions/A/CoreGraphics
0x000000001ee99000 	/usr/lib/libScreenReader.dylib
0x000000001ee99000 	/System/Library/Frameworks/Accelerate.framework/Versions/A/Accelerate
0x000000001ee99000 	/System/Library/Frameworks/IOSurface.framework/Versions/A/IOSurface
0x000000001ee99000 	/System/Library/Frameworks/AudioToolbox.framework/Versions/A/AudioToolbox
0x000000001ee99000 	/System/Library/Frameworks/AudioUnit.framework/Versions/A/AudioUnit
0x000000001ee99000 	/System/Library/PrivateFrameworks/DataDetectorsCore.framework/Versions/A/DataDetectorsCore
0x000000001ee99000 	/System/Library/Frameworks/Carbon.framework/Versions/A/Frameworks/HIToolbox.framework/Versions/A/HIToolbox
0x000000001ee99000 	/usr/lib/libicucore.A.dylib
0x000000001ee99000 	/System/Library/Frameworks/QuartzCore.framework/Versions/A/QuartzCore
0x000000001ee99000 	/System/Library/Frameworks/Carbon.framework/Versions/A/Frameworks/SpeechRecognition.framework/Versions/A/SpeechRecognition
0x000000001ee99000 	/usr/lib/libauto.dylib
0x000000001ee99000 	/usr/lib/libxml2.2.dylib
0x000000001ee99000 	/System/Library/PrivateFrameworks/CoreUI.framework/Versions/A/CoreUI
0x000000001ee99000 	/System/Library/Frameworks/CoreAudio.framework/Versions/A/CoreAudio
0x000000001ee99000 	/System/Library/Frameworks/DiskArbitration.framework/Versions/A/DiskArbitration
0x000000001ee99000 	/usr/lib/liblangid.dylib
0x000000001ee99000 	/System/Library/PrivateFrameworks/MultitouchSupport.framework/Versions/A/MultitouchSupport
0x000000001ee99000 	/System/Library/Frameworks/IOKit.framework/Versions/A/IOKit
0x000000001ee99000 	/usr/lib/libDiagnosticMessagesClient.dylib
0x000000001ee99000 	/System/Library/Frameworks/CoreServices.framework/Versions/A/CoreServices
0x000000001ee99000 	/System/Library/PrivateFrameworks/PerformanceAnalysis.framework/Versions/A/PerformanceAnalysis
0x000000001ee99000 	/System/Library/Frameworks/OpenGL.framework/Versions/A/OpenGL
0x000000001ee99000 	/System/Library/Frameworks/ColorSync.framework/Versions/A/ColorSync
0x000000001ee99000 	/System/Library/Frameworks/CoreImage.framework/Versions/A/CoreImage
0x000000001ee99000 	/System/Library/Frameworks/CoreText.framework/Versions/A/CoreText
0x000000001ee99000 	/System/Library/Frameworks/ImageIO.framework/Versions/A/ImageIO
0x000000001ee99000 	/System/Library/PrivateFrameworks/Backup.framework/Versions/A/Backup
0x000000001ee99000 	/usr/lib/libarchive.2.dylib
0x000000001ee99000 	/System/Library/Frameworks/CFNetwork.framework/Versions/A/CFNetwork
0x000000001ee99000 	/System/Library/Frameworks/SystemConfiguration.framework/Versions/A/SystemConfiguration
0x000000001ee99000 	/usr/lib/libCRFSuite.dylib
0x000000001ee99000 	/usr/lib/libc++.1.dylib
0x000000001ee99000 	/usr/lib/libc++abi.dylib
0x000000001ee99000 	/usr/lib/system/libcache.dylib
0x000000001ee99000 	/usr/lib/system/libcommonCrypto.dylib
0x000000001ee99000 	/usr/lib/system/libcompiler_rt.dylib
0x000000001ee99000 	/usr/lib/system/libcopyfile.dylib
0x000000001ee99000 	/usr/lib/system/libcorecrypto.dylib
0x000000001ee99000 	/usr/lib/system/libdispatch.dylib
0x000000001ee99000 	/usr/lib/system/libdyld.dylib
0x000000001ee99000 	/usr/lib/system/libkeymgr.dylib
0x000000001ee99000 	/usr/lib/system/liblaunch.dylib
0x000000001ee99000 	/usr/lib/system/libmacho.dylib
0x000000001ee99000 	/usr/lib/system/libquarantine.dylib
0x000000001ee99000 	/usr/lib/system/libremovefile.dylib
0x000000001ee99000 	/usr/lib/system/libsystem_asl.dylib
0x000000001ee99000 	/usr/lib/system/libsystem_blocks.dylib
0x000000001ee99000 	/usr/lib/system/libsystem_c.dylib
0x000000001ee99000 	/usr/lib/system/libsystem_configuration.dylib
0x000000001ee99000 	/usr/lib/system/libsystem_coreservices.dylib
0x000000001ee99000 	/usr/lib/system/libsystem_darwin.dylib
0x000000001ee99000 	/usr/lib/system/libsystem_dnssd.dylib
0x000000001ee99000 	/usr/lib/system/libsystem_info.dylib
0x000000001ee99000 	/usr/lib/system/libsystem_m.dylib
0x000000001ee99000 	/usr/lib/system/libsystem_malloc.dylib
0x000000001ee99000 	/usr/lib/system/libsystem_network.dylib
0x000000001ee99000 	/usr/lib/system/libsystem_networkextension.dylib
0x000000001ee99000 	/usr/lib/system/libsystem_notify.dylib
0x000000001ee99000 	/usr/lib/system/libsystem_sandbox.dylib
0x000000001ee99000 	/usr/lib/system/libsystem_secinit.dylib
0x000000001ee99000 	/usr/lib/system/libsystem_kernel.dylib
0x000000001ee99000 	/usr/lib/system/libsystem_platform.dylib
0x000000001ee99000 	/usr/lib/system/libsystem_pthread.dylib
0x000000001ee99000 	/usr/lib/system/libsystem_symptoms.dylib
0x000000001ee99000 	/usr/lib/system/libsystem_trace.dylib
0x000000001ee99000 	/usr/lib/system/libunwind.dylib
0x000000001ee99000 	/usr/lib/system/libxpc.dylib
0x000000001ee99000 	/usr/lib/closure/libclosured.dylib
0x000000001ee99000 	/usr/lib/libbsm.0.dylib
0x000000001ee99000 	/usr/lib/system/libkxld.dylib
0x000000001ee99000 	/usr/lib/libOpenScriptingUtil.dylib
0x000000001ee99000 	/usr/lib/libcoretls.dylib
0x000000001ee99000 	/usr/lib/libcoretls_cfhelpers.dylib
0x000000001ee99000 	/usr/lib/libpam.2.dylib
0x000000001ee99000 	/usr/lib/libsqlite3.dylib
0x000000001ee99000 	/usr/lib/libxar.1.dylib
0x000000001ee99000 	/usr/lib/libbz2.1.0.dylib
0x000000001ee99000 	/usr/lib/liblzma.5.dylib
0x000000001ee99000 	/usr/lib/libnetwork.dylib
0x000000001ee99000 	/usr/lib/libapple_nghttp2.dylib
0x000000001ee99000 	/usr/lib/libpcap.A.dylib
0x000000001ee99000 	/usr/lib/libboringssl.dylib
0x000000001ee99000 	/usr/lib/libusrtcp.dylib
0x000000001ee99000 	/usr/lib/libapple_crypto.dylib
0x000000001ee99000 	/System/Library/Frameworks/CoreServices.framework/Versions/A/Frameworks/FSEvents.framework/Versions/A/FSEvents
0x000000001ee99000 	/System/Library/Frameworks/CoreServices.framework/Versions/A/Frameworks/CarbonCore.framework/Versions/A/CarbonCore
0x000000001ee99000 	/System/Library/Frameworks/CoreServices.framework/Versions/A/Frameworks/Metadata.framework/Versions/A/Metadata
0x000000001ee99000 	/System/Library/Frameworks/CoreServices.framework/Versions/A/Frameworks/OSServices.framework/Versions/A/OSServices
0x000000001ee99000 	/System/Library/Frameworks/CoreServices.framework/Versions/A/Frameworks/SearchKit.framework/Versions/A/SearchKit
0x000000001ee99000 	/System/Library/Frameworks/CoreServices.framework/Versions/A/Frameworks/AE.framework/Versions/A/AE
0x000000001ee99000 	/System/Library/Frameworks/CoreServices.framework/Versions/A/Frameworks/LaunchServices.framework/Versions/A/LaunchServices
0x000000001ee99000 	/System/Library/Frameworks/CoreServices.framework/Versions/A/Frameworks/DictionaryServices.framework/Versions/A/DictionaryServices
0x000000001ee99000 	/System/Library/Frameworks/CoreServices.framework/Versions/A/Frameworks/SharedFileList.framework/Versions/A/SharedFileList
0x000000001ee99000 	/System/Library/Frameworks/NetFS.framework/Versions/A/NetFS
0x000000001ee99000 	/System/Library/PrivateFrameworks/NetAuth.framework/Versions/A/NetAuth
0x000000001ee99000 	/System/Library/PrivateFrameworks/login.framework/Versions/A/Frameworks/loginsupport.framework/Versions/A/loginsupport
0x000000001ee99000 	/System/Library/PrivateFrameworks/TCC.framework/Versions/A/TCC
0x000000001ee99000 	/usr/lib/libmecabra.dylib
0x000000001ee99000 	/System/Library/Frameworks/ApplicationServices.framework/Versions/A/Frameworks/ATS.framework/Versions/A/ATS
0x000000001ee99000 	/System/Library/Frameworks/ApplicationServices.framework/Versions/A/Frameworks/ColorSyncLegacy.framework/Versions/A/ColorSyncLegacy
0x000000001ee99000 	/System/Library/Frameworks/ApplicationServices.framework/Versions/A/Frameworks/HIServices.framework/Versions/A/HIServices
0x000000001ee99000 	/System/Library/Frameworks/ApplicationServices.framework/Versions/A/Frameworks/LangAnalysis.framework/Versions/A/LangAnalysis
0x000000001ee99000 	/System/Library/Frameworks/ApplicationServices.framework/Versions/A/Frameworks/PrintCore.framework/Versions/A/PrintCore
0x000000001ee99000 	/System/Library/Frameworks/ApplicationServices.framework/Versions/A/Frameworks/QD.framework/Versions/A/QD
0x000000001ee99000 	/System/Library/Frameworks/ApplicationServices.framework/Versions/A/Frameworks/SpeechSynthesis.framework/Versions/A/SpeechSynthesis
0x000000001ee99000 	/System/Library/Frameworks/CoreDisplay.framework/Versions/A/CoreDisplay
0x000000001ee99000 	/System/Library/Frameworks/Accelerate.framework/Versions/A/Frameworks/vImage.framework/Versions/A/vImage
0x000000001ee99000 	/System/Library/Frameworks/Accelerate.framework/Versions/A/Frameworks/vecLib.framework/Versions/A/vecLib
0x000000001ee99000 	/System/Library/Frameworks/Accelerate.framework/Versions/A/Frameworks/vecLib.framework/Versions/A/libvDSP.dylib
0x000000001ee99000 	/System/Library/Frameworks/Accelerate.framework/Versions/A/Frameworks/vecLib.framework/Versions/A/libBNNS.dylib
0x000000001ee99000 	/System/Library/Frameworks/Accelerate.framework/Versions/A/Frameworks/vecLib.framework/Versions/A/libQuadrature.dylib
0x000000001ee99000 	/System/Library/Frameworks/Accelerate.framework/Versions/A/Frameworks/vecLib.framework/Versions/A/libvMisc.dylib
0x000000001ee99000 	/System/Library/Frameworks/Accelerate.framework/Versions/A/Frameworks/vecLib.framework/Versions/A/libLAPACK.dylib
0x000000001ee99000 	/System/Library/Frameworks/Accelerate.framework/Versions/A/Frameworks/vecLib.framework/Versions/A/libBLAS.dylib
0x000000001ee99000 	/System/Library/Frameworks/Accelerate.framework/Versions/A/Frameworks/vecLib.framework/Versions/A/libLinearAlgebra.dylib
0x000000001ee99000 	/System/Library/Frameworks/Accelerate.framework/Versions/A/Frameworks/vecLib.framework/Versions/A/libSparse.dylib
0x000000001ee99000 	/System/Library/Frameworks/Accelerate.framework/Versions/A/Frameworks/vecLib.framework/Versions/A/libSparseBLAS.dylib
0x000000001ee99000 	/System/Library/PrivateFrameworks/IOAccelerator.framework/Versions/A/IOAccelerator
0x000000001ee99000 	/System/Library/PrivateFrameworks/IOPresentment.framework/Versions/A/IOPresentment
0x000000001ee99000 	/System/Library/PrivateFrameworks/DSExternalDisplay.framework/Versions/A/DSExternalDisplay
0x000000001ee99000 	/System/Library/Frameworks/OpenGL.framework/Versions/A/Libraries/libCoreFSCache.dylib
0x000000001ee99000 	/System/Library/Frameworks/CoreVideo.framework/Versions/A/CoreVideo
0x000000001ee99000 	/System/Library/PrivateFrameworks/GraphVisualizer.framework/Versions/A/GraphVisualizer
0x000000001ee99000 	/System/Library/Frameworks/MetalPerformanceShaders.framework/Versions/A/MetalPerformanceShaders
0x000000001ee99000 	/usr/lib/libFosl_dynamic.dylib
0x000000001ee99000 	/System/Library/PrivateFrameworks/FaceCore.framework/Versions/A/FaceCore
0x000000001ee99000 	/System/Library/Frameworks/OpenCL.framework/Versions/A/OpenCL
0x000000001ee99000 	/usr/lib/libcompression.dylib
0x000000001ee99000 	/System/Library/Frameworks/ApplicationServices.framework/Versions/A/Frameworks/ATS.framework/Versions/A/Resources/libFontParser.dylib
0x000000001ee99000 	/System/Library/Frameworks/ApplicationServices.framework/Versions/A/Frameworks/ATS.framework/Versions/A/Resources/libFontRegistry.dylib
0x000000001ee99000 	/System/Library/Frameworks/ImageIO.framework/Versions/A/Resources/libJPEG.dylib
0x000000001ee99000 	/System/Library/Frameworks/ImageIO.framework/Versions/A/Resources/libTIFF.dylib
0x000000001ee99000 	/System/Library/Frameworks/ImageIO.framework/Versions/A/Resources/libPng.dylib
0x000000001ee99000 	/System/Library/Frameworks/ImageIO.framework/Versions/A/Resources/libGIF.dylib
0x000000001ee99000 	/System/Library/Frameworks/ImageIO.framework/Versions/A/Resources/libJP2.dylib
0x000000001ee99000 	/System/Library/Frameworks/ImageIO.framework/Versions/A/Resources/libRadiance.dylib
0x000000001ee99000 	/System/Library/PrivateFrameworks/AppleJPEG.framework/Versions/A/AppleJPEG
0x000000001ee99000 	/System/Library/PrivateFrameworks/MetalTools.framework/Versions/A/MetalTools
0x000000001ee99000 	/System/Library/Frameworks/MetalPerformanceShaders.framework/Frameworks/MPSCore.framework/Versions/A/MPSCore
0x000000001ee99000 	/System/Library/Frameworks/MetalPerformanceShaders.framework/Frameworks/MPSImage.framework/Versions/A/MPSImage
0x000000001ee99000 	/System/Library/Frameworks/MetalPerformanceShaders.framework/Frameworks/MPSMatrix.framework/Versions/A/MPSMatrix
0x000000001ee99000 	/System/Library/Frameworks/MetalPerformanceShaders.framework/Frameworks/MPSNeuralNetwork.framework/Versions/A/MPSNeuralNetwork
0x000000001ee99000 	/System/Library/Frameworks/OpenGL.framework/Versions/A/Libraries/libGLU.dylib
0x000000001ee99000 	/System/Library/Frameworks/OpenGL.framework/Versions/A/Libraries/libGFXShared.dylib
0x000000001ee99000 	/System/Library/Frameworks/OpenGL.framework/Versions/A/Libraries/libGL.dylib
0x000000001ee99000 	/System/Library/Frameworks/OpenGL.framework/Versions/A/Libraries/libGLImage.dylib
0x000000001ee99000 	/System/Library/Frameworks/OpenGL.framework/Versions/A/Libraries/libCVMSPluginSupport.dylib
0x000000001ee99000 	/System/Library/Frameworks/OpenGL.framework/Versions/A/Libraries/libCoreVMClient.dylib
0x000000001ee99000 	/usr/lib/libcups.2.dylib
0x000000001ee99000 	/System/Library/Frameworks/Kerberos.framework/Versions/A/Kerberos
0x000000001ee99000 	/System/Library/Frameworks/GSS.framework/Versions/A/GSS
0x000000001ee99000 	/usr/lib/libresolv.9.dylib
0x000000001ee99000 	/usr/lib/libiconv.2.dylib
0x000000001ee99000 	/System/Library/PrivateFrameworks/Heimdal.framework/Versions/A/Heimdal
0x000000001ee99000 	/usr/lib/libheimdal-asn1.dylib
0x000000001ee99000 	/System/Library/Frameworks/OpenDirectory.framework/Versions/A/OpenDirectory
0x000000001ee99000 	/System/Library/PrivateFrameworks/CommonAuth.framework/Versions/A/CommonAuth
0x000000001ee99000 	/System/Library/Frameworks/OpenDirectory.framework/Versions/A/Frameworks/CFOpenDirectory.framework/Versions/A/CFOpenDirectory
0x000000001ee99000 	/System/Library/Frameworks/SecurityFoundation.framework/Versions/A/SecurityFoundation
0x000000001ee99000 	/System/Library/PrivateFrameworks/APFS.framework/Versions/A/APFS
0x000000001ee99000 	/usr/lib/libutil.dylib
0x000000001ee99000 	/System/Library/PrivateFrameworks/AppleSauce.framework/Versions/A/AppleSauce
0x000000001ee99000 	/System/Library/PrivateFrameworks/LinguisticData.framework/Versions/A/LinguisticData
0x000000001ee99000 	/usr/lib/libmarisa.dylib
0x000000001ee99000 	/System/Library/PrivateFrameworks/Lexicon.framework/Versions/A/Lexicon
0x000000001ee99000 	/usr/lib/libChineseTokenizer.dylib
0x000000001ee99000 	/usr/lib/libcmph.dylib
0x000000001ee99000 	/System/Library/PrivateFrameworks/LanguageModeling.framework/Versions/A/LanguageModeling
0x000000001ee99000 	/System/Library/PrivateFrameworks/CoreEmoji.framework/Versions/A/CoreEmoji
0x000000001ee99000 	/System/Library/Frameworks/ServiceManagement.framework/Versions/A/ServiceManagement
0x000000001ee99000 	/System/Library/PrivateFrameworks/BackgroundTaskManagement.framework/Versions/A/BackgroundTaskManagement
0x000000001ee99000 	/usr/lib/libxslt.1.dylib
0x000000001ee99000 	/System/Library/Frameworks/Carbon.framework/Versions/A/Frameworks/Ink.framework/Versions/A/Ink
0x000000001ee99000 	/System/Library/PrivateFrameworks/TextureIO.framework/Versions/A/TextureIO
0x000000001ee99000 	/usr/lib/libate.dylib
0x000000001ee99000 	/System/Library/PrivateFrameworks/CrashReporterSupport.framework/Versions/A/CrashReporterSupport
0x000000001ee99000 	/System/Library/PrivateFrameworks/Sharing.framework/Versions/A/Sharing
0x000000001ee99000 	/System/Library/PrivateFrameworks/IconServices.framework/Versions/A/IconServices
0x000000001ee99000 	/System/Library/PrivateFrameworks/ProtocolBuffer.framework/Versions/A/ProtocolBuffer
0x000000001ee99000 	/System/Library/PrivateFrameworks/Apple80211.framework/Versions/A/Apple80211
0x000000001ee99000 	/System/Library/Frameworks/CoreWLAN.framework/Versions/A/CoreWLAN
0x000000001ee99000 	/System/Library/PrivateFrameworks/CoreUtils.framework/Versions/A/CoreUtils
0x000000001ee99000 	/System/Library/Frameworks/IOBluetooth.framework/Versions/A/IOBluetooth
0x000000001ee99000 	/System/Library/PrivateFrameworks/CoreWiFi.framework/Versions/A/CoreWiFi
0x000000001ee99000 	/System/Library/Frameworks/CoreBluetooth.framework/Versions/A/CoreBluetooth
0x000000001ee99000 	/System/Library/PrivateFrameworks/SignpostNotification.framework/Versions/A/SignpostNotification
0x000000001ee99000 	/System/Library/PrivateFrameworks/DebugSymbols.framework/Versions/A/DebugSymbols
0x000000001ee99000 	/System/Library/PrivateFrameworks/CoreSymbolication.framework/Versions/A/CoreSymbolication
0x000000001ee99000 	/System/Library/PrivateFrameworks/Symbolication.framework/Versions/A/Symbolication
0x000000001ee99000 	/System/Library/PrivateFrameworks/AppleFSCompression.framework/Versions/A/AppleFSCompression
0x000000001ee99000 	/System/Library/PrivateFrameworks/SpeechRecognitionCore.framework/Versions/A/SpeechRecognitionCore
0x000000010cb8c000 	/Library/Java/JavaVirtualMachines/jdk1.8.0_91.jdk/Contents/Home/jre/lib/server/libjvm.dylib
0x000000001ee99000 	/usr/lib/libstdc++.6.0.9.dylib
0x000000010b5c3000 	/Library/Java/JavaVirtualMachines/jdk1.8.0_91.jdk/Contents/Home/jre/lib/libverify.dylib
0x000000010be00000 	/Library/Java/JavaVirtualMachines/jdk1.8.0_91.jdk/Contents/Home/jre/lib/libjava.dylib
0x000000010b5db000 	/Library/Java/JavaVirtualMachines/jdk1.8.0_91.jdk/Contents/Home/jre/lib/libzip.dylib
0x000000001ee99000 	/System/Library/Frameworks/JavaVM.framework/Versions/A/Frameworks/JavaRuntimeSupport.framework/Versions/A/JavaRuntimeSupport
0x000000001ee99000 	/System/Library/Frameworks/JavaVM.framework/Versions/A/Frameworks/JavaNativeFoundation.framework/Versions/A/JavaNativeFoundation
0x000000001ee99000 	/System/Library/Frameworks/JavaVM.framework/Versions/A/JavaVM
0x000000001ee99000 	/System/Library/Frameworks/Carbon.framework/Versions/A/Carbon
0x000000001ee99000 	/System/Library/PrivateFrameworks/JavaLaunching.framework/Versions/A/JavaLaunching
0x000000001ee99000 	/System/Library/Frameworks/Carbon.framework/Versions/A/Frameworks/CommonPanels.framework/Versions/A/CommonPanels
0x000000001ee99000 	/System/Library/Frameworks/Carbon.framework/Versions/A/Frameworks/Help.framework/Versions/A/Help
0x000000001ee99000 	/System/Library/Frameworks/Carbon.framework/Versions/A/Frameworks/ImageCapture.framework/Versions/A/ImageCapture
0x000000001ee99000 	/System/Library/Frameworks/Carbon.framework/Versions/A/Frameworks/OpenScripting.framework/Versions/A/OpenScripting
0x000000001ee99000 	/System/Library/Frameworks/Carbon.framework/Versions/A/Frameworks/Print.framework/Versions/A/Print
0x000000001ee99000 	/System/Library/Frameworks/Carbon.framework/Versions/A/Frameworks/SecurityHI.framework/Versions/A/SecurityHI
0x0000000124302000 	/Library/Java/JavaVirtualMachines/jdk1.8.0_91.jdk/Contents/Home/jre/lib/libawt.dylib
0x00000001243aa000 	/Library/Java/JavaVirtualMachines/jdk1.8.0_91.jdk/Contents/Home/jre/lib/./libmlib_image.dylib
0x0000000124476000 	/Library/Java/JavaVirtualMachines/jdk1.8.0_91.jdk/Contents/Home/jre/lib/libawt_lwawt.dylib
0x000000012452b000 	/Library/Java/JavaVirtualMachines/jdk1.8.0_91.jdk/Contents/Home/jre/lib/./libosxapp.dylib
0x000000001ee99000 	/System/Library/Frameworks/ExceptionHandling.framework/Versions/A/ExceptionHandling
0x000000001ee99000 	/System/Library/PrivateFrameworks/CoreServicesInternal.framework/Versions/A/CoreServicesInternal
0x000000001ee99000 	/System/Library/CoreServices/RawCamera.bundle/Contents/MacOS/RawCamera
0x000000001ee99000 	/System/Library/PrivateFrameworks/MobileAsset.framework/Versions/A/MobileAsset
0x000000001ee99000 	/System/Library/PrivateFrameworks/StreamingZip.framework/Versions/A/StreamingZip
0x000000001ee99000 	/System/Library/Frameworks/MediaToolbox.framework/Versions/A/MediaToolbox
0x000000001ee99000 	/System/Library/PrivateFrameworks/CoreAVCHD.framework/Versions/A/CoreAVCHD
0x000000001ee99000 	/System/Library/Frameworks/MediaAccessibility.framework/Versions/A/MediaAccessibility
0x000000001ee99000 	/System/Library/PrivateFrameworks/Mangrove.framework/Versions/A/Mangrove
0x000000001ee99000 	/System/Library/Frameworks/CoreMedia.framework/Versions/A/CoreMedia
0x000000001ee99000 	/System/Library/Frameworks/VideoToolbox.framework/Versions/A/VideoToolbox
0x000000001ee99000 	/System/Library/PrivateFrameworks/CoreAUC.framework/Versions/A/CoreAUC
0x000000001ee99000 	/usr/lib/libspindump.dylib
0x000000001ee99000 	/usr/lib/libdscsym.dylib
0x000000001ee99000 	/System/Library/PrivateFrameworks/AppleVA.framework/Versions/A/AppleVA
0x000000001ee99000 	/System/Library/Frameworks/Accelerate.framework/Versions/A/Frameworks/vImage.framework/Versions/A/Libraries/libCGInterfaces.dylib
0x000000001ee99000 	/System/Library/PrivateFrameworks/FamilyControls.framework/Versions/A/FamilyControls
0x000000001ee99000 	/System/Library/PrivateFrameworks/CommerceKit.framework/Versions/A/Frameworks/CommerceCore.framework/Versions/A/CommerceCore
0x000000001ee99000 	/System/Library/PrivateFrameworks/SystemAdministration.framework/Versions/A/SystemAdministration
0x000000001ee99000 	/System/Library/PrivateFrameworks/AppContainer.framework/Versions/A/AppContainer
0x000000001ee99000 	/System/Library/PrivateFrameworks/SecCodeWrapper.framework/Versions/A/SecCodeWrapper
0x000000001ee99000 	/System/Library/PrivateFrameworks/DiskManagement.framework/Versions/A/DiskManagement
0x000000001ee99000 	/System/Library/Frameworks/DirectoryService.framework/Versions/A/DirectoryService
0x000000001ee99000 	/System/Library/PrivateFrameworks/DiskImages.framework/Versions/A/DiskImages
0x000000001ee99000 	/System/Library/PrivateFrameworks/LoginUIKit.framework/Versions/A/Frameworks/LoginUICore.framework/Versions/A/LoginUICore
0x000000001ee99000 	/usr/lib/libCoreStorage.dylib
0x000000001ee99000 	/usr/lib/libcsfde.dylib
0x000000001ee99000 	/usr/lib/libodfde.dylib
0x000000001ee99000 	/System/Library/PrivateFrameworks/MediaKit.framework/Versions/A/MediaKit
0x000000001ee99000 	/System/Library/Frameworks/DiscRecording.framework/Versions/A/DiscRecording
0x000000001ee99000 	/System/Library/PrivateFrameworks/EFILogin.framework/Versions/A/EFILogin
0x000000001ee99000 	/System/Library/PrivateFrameworks/ProtectedCloudStorage.framework/Versions/A/ProtectedCloudStorage
0x000000001ee99000 	/usr/lib/libcurl.4.dylib
0x000000001ee99000 	/usr/lib/libcrypto.35.dylib
0x000000001ee99000 	/usr/lib/libssl.35.dylib
0x000000001ee99000 	/System/Library/Frameworks/LDAP.framework/Versions/A/LDAP
0x000000001ee99000 	/System/Library/PrivateFrameworks/TrustEvaluationAgent.framework/Versions/A/TrustEvaluationAgent
0x000000001ee99000 	/usr/lib/libsasl2.2.dylib
0x000000001ee99000 	/System/Library/PrivateFrameworks/CoreDaemon.framework/Versions/B/CoreDaemon
0x000000001ee99000 	/System/Library/PrivateFrameworks/AppleSRP.framework/Versions/A/AppleSRP
0x00000001259b6000 	/Library/Java/JavaVirtualMachines/jdk1.8.0_91.jdk/Contents/Home/jre/lib/libfontmanager.dylib
0x000000001ee99000 	/System/Library/Frameworks/ApplicationServices.framework/Versions/A/Frameworks/ATS.framework/Versions/A/Resources/libTrueTypeScaler.dylib
0x000000001ee99000 	/System/Library/Frameworks/OpenGL.framework/Versions/A/Resources/GLEngine.bundle/GLEngine
0x000000001ee99000 	/System/Library/Frameworks/OpenGL.framework/Versions/A/Libraries/libGLProgrammability.dylib
0x0000000126d40000 	/System/Library/Extensions/AppleIntelHD4000GraphicsGLDriver.bundle/Contents/MacOS/AppleIntelHD4000GraphicsGLDriver
0x000000001ee99000 	/System/Library/PrivateFrameworks/GPUSupport.framework/Versions/A/Libraries/libGPUSupportMercury.dylib
0x000000001ee99000 	/System/Library/Frameworks/OpenGL.framework/Versions/A/Resources/GLRendererFloat.bundle/GLRendererFloat
0x000000001ee99000 	/System/Library/Frameworks/OpenCL.framework/Versions/A/Libraries/libcldcpuengine.dylib
0x000000001ee99000 	/System/Library/Extensions/AppleIntelHD4000GraphicsMTLDriver.bundle/Contents/MacOS/AppleIntelHD4000GraphicsMTLDriver
0x000000001ee99000 	/System/Library/PrivateFrameworks/GPUCompiler.framework/Versions/3802/Libraries/libmetal_timestamp.dylib
0x000000012882d000 	/Library/Java/JavaVirtualMachines/jdk1.8.0_91.jdk/Contents/Home/jre/lib/libosxui.dylib
0x000000001ee99000 	/System/Library/PrivateFrameworks/ViewBridge.framework/Versions/A/ViewBridge
0x000000012970f000 	/Library/Java/JavaVirtualMachines/jdk1.8.0_91.jdk/Contents/Home/jre/lib/libnet.dylib
0x000000012990e000 	/Library/Java/JavaVirtualMachines/jdk1.8.0_91.jdk/Contents/Home/jre/lib/libnio.dylib
0x0000000159db4000 	/Library/Java/JavaVirtualMachines/jdk1.8.0_91.jdk/Contents/Home/jre/lib/libdcpr.dylib
0x000000001ee99000 	/System/Library/PrivateFrameworks/Shortcut.framework/Versions/A/Shortcut
0x000000001ee99000 	/System/Library/PrivateFrameworks/HelpData.framework/Versions/A/HelpData
0x000000001ee99000 	/System/Library/PrivateFrameworks/login.framework/Versions/A/login

VM Arguments:
jvm_args: -Dfile.encoding=UTF-8 
java_command: nl.uu.socnetid.network_games.NetworkGame
java_class_path (initial): /Library/Java/JavaVirtualMachines/jdk1.8.0_91.jdk/Contents/Home/jre/lib/resources.jar:/Library/Java/JavaVirtualMachines/jdk1.8.0_91.jdk/Contents/Home/jre/lib/rt.jar:/Library/Java/JavaVirtualMachines/jdk1.8.0_91.jdk/Contents/Home/jre/lib/jsse.jar:/Library/Java/JavaVirtualMachines/jdk1.8.0_91.jdk/Contents/Home/jre/lib/jce.jar:/Library/Java/JavaVirtualMachines/jdk1.8.0_91.jdk/Contents/Home/jre/lib/charsets.jar:/Library/Java/JavaVirtualMachines/jdk1.8.0_91.jdk/Contents/Home/jre/lib/jfr.jar:/Library/Java/JavaVirtualMachines/jdk1.8.0_91.jdk/Contents/Home/jre/lib/ext/sunec.jar:/Library/Java/JavaVirtualMachines/jdk1.8.0_91.jdk/Contents/Home/jre/lib/ext/nashorn.jar:/Library/Java/JavaVirtualMachines/jdk1.8.0_91.jdk/Contents/Home/jre/lib/ext/cldrdata.jar:/Library/Java/JavaVirtualMachines/jdk1.8.0_91.jdk/Contents/Home/jre/lib/ext/jfxrt.jar:/Library/Java/JavaVirtualMachines/jdk1.8.0_91.jdk/Contents/Home/jre/lib/ext/dnsns.jar:/Library/Java/JavaVirtualMachines/jdk1.8.0_91.jdk/Contents/Home/jre/lib/ext/localedata.jar:/Library/Java/JavaVirtualMachines/jdk1.8.0_91.jdk/Contents/Home/jre/lib/ext/sunjce_provider.jar:/Library/Java/JavaVirtualMachines/jdk1.8.0_91.jdk/Contents/Home/jre/lib/ext/sunpkcs11.jar:/Library/Java/JavaVirtualMachines/jdk1.8.0_91.jdk/Contents/Home/jre/lib/ext/jaccess.jar:/Library/Java/JavaVirtualMachines/jdk1.8.0_91.jdk/Contents/Home/jre/lib/ext/zipfs.jar:/System/Library/Java/Extensions/MRJToolkit.jar:/Users/hendrik/git/uu/network-games/target/classes:/Users/hendrik/.m2/repository/log4j/log4j/1.2.17/log4j-1.2.17.jar:/Users/hendrik/.m2/repository/org/graphstream/gs-core/1.3/gs-core-1.3.jar:/Users/hendrik/.m2/repository/org/graphstream/pherd/1.0/pherd-1.0.jar:/Users/hendrik/.m2/repository/org/graphstream/mbox2/1.0/mbox2-1.0.jar:/Users/hendrik/.m2/repository/org/graphstream/gs-algo/1.3/gs-algo-1.3.jar:/Users/hendrik/.m2/repository/org/apache/commons/commons-math/2.1/commons-math-2.1.jar:/Users/hendrik/.m2/repository/org/apache/commons/common
Launcher Type: SUN_STANDARD

Environment Variables:
PATH=/usr/bin:/bin:/usr/sbin:/sbin
SHELL=/bin/bash
DISPLAY=/private/tmp/com.apple.launchd.DJdgbi9iXk/org.macosforge.xquartz:0

Signal Handlers:
SIGSEGV: [libjvm.dylib+0x5a97a1], sa_mask[0]=11111111011111110111111111111111, sa_flags=SA_ONSTACK|SA_RESTART|SA_SIGINFO
SIGBUS: [libjvm.dylib+0x5a97a1], sa_mask[0]=11111111011111110111111111111111, sa_flags=SA_RESTART|SA_SIGINFO
SIGFPE: [libjvm.dylib+0x482594], sa_mask[0]=11111111011111110111111111111111, sa_flags=SA_RESTART|SA_SIGINFO
SIGPIPE: [libjvm.dylib+0x482594], sa_mask[0]=11111111011111110111111111111111, sa_flags=SA_RESTART|SA_SIGINFO
SIGXFSZ: [libjvm.dylib+0x482594], sa_mask[0]=11111111011111110111111111111111, sa_flags=SA_RESTART|SA_SIGINFO
SIGILL: [libjvm.dylib+0x482594], sa_mask[0]=11111111011111110111111111111111, sa_flags=SA_RESTART|SA_SIGINFO
SIGUSR1: SIG_DFL, sa_mask[0]=00000000000000000000000000000000, sa_flags=none
SIGUSR2: [libjvm.dylib+0x4820b2], sa_mask[0]=00100000000000000000000000000000, sa_flags=SA_RESTART|SA_SIGINFO
SIGHUP: [libjvm.dylib+0x480689], sa_mask[0]=11111111011111110111111111111111, sa_flags=SA_RESTART|SA_SIGINFO
SIGINT: [libjvm.dylib+0x480689], sa_mask[0]=11111111011111110111111111111111, sa_flags=SA_RESTART|SA_SIGINFO
SIGTERM: [libjvm.dylib+0x480689], sa_mask[0]=11111111011111110111111111111111, sa_flags=SA_RESTART|SA_SIGINFO
SIGQUIT: [libjvm.dylib+0x480689], sa_mask[0]=11111111011111110111111111111111, sa_flags=SA_RESTART|SA_SIGINFO


---------------  S Y S T E M  ---------------

OS:Bsduname:Darwin 17.2.0 Darwin Kernel Version 17.2.0: Fri Sep 29 18:27:05 PDT 2017; root:xnu-4570.20.62~3/RELEASE_X86_64 x86_64
rlimit: STACK 8192k, CORE 0k, NPROC 709, NOFILE 10240, AS infinity
load average:2.48 2.52 2.38

CPU:total 4 (2 cores per cpu, 2 threads per core) family 6 model 58 stepping 9, cmov, cx8, fxsr, mmx, sse, sse2, sse3, ssse3, sse4.1, sse4.2, popcnt, avx, aes, clmul, erms, ht, tsc, tscinvbit, tscinv

Memory: 4k page, physical 8388608k(16060k free)

/proc/meminfo:


vm_info: Java HotSpot(TM) 64-Bit Server VM (25.91-b14) for bsd-amd64 JRE (1.8.0_91-b14), built on Apr  1 2016 01:03:00 by "java_re" with gcc 4.2.1 (Based on Apple Inc. build 5658) (LLVM build 2336.11.00)

time: Thu Nov 30 11:36:13 2017
elapsed time: 1554 seconds (0d 0h 25m 54s)

